<?xml version="1.0" encoding="UTF-8"?>
<!-- Generated by org.testng.reporters.JUnitReportReporter -->
<testsuite hostname="macosserver.kaikeba.local" name="org.kkb.server.api.restassured.microMajots.MicroMajorsValidationTest" tests="4" failures="0" timestamp="24 Aug 2015 08:54:24 GMT" time="284.831" errors="0">
  <testcase name="testWithErrorToken" time="283.041" classname="org.kkb.server.api.restassured.microMajots.MicroMajorsValidationTest"/>
  <testcase name="testAlery" time="1.652" classname="org.kkb.server.api.restassured.microMajots.MicroMajorsValidationTest"/>
  <testcase name="testWithNoToken" time="0.060" classname="org.kkb.server.api.restassured.microMajots.MicroMajorsValidationTest"/>
  <testcase name="testWithNoParam" time="0.078" classname="org.kkb.server.api.restassured.microMajots.MicroMajorsValidationTest"/>
</testsuite> <!-- org.kkb.server.api.restassured.microMajots.MicroMajorsValidationTest -->
