<?xml version="1.0" encoding="UTF-8"?>
<!-- Generated by org.testng.reporters.JUnitReportReporter -->
<testsuite hostname="macosserver.kaikeba.local" name="org.kkb.server.api.restassured.announcement.AnnouncementAddTest" tests="3" failures="0" timestamp="24 Aug 2015 08:20:23 GMT" time="1.109" errors="0">
  <testcase name="testSuc" time="1.054" classname="org.kkb.server.api.restassured.announcement.AnnouncementAddTest"/>
  <testcase name="testWithErrorParam" time="0.035" classname="org.kkb.server.api.restassured.announcement.AnnouncementAddTest"/>
  <testcase name="testWithNoParam" time="0.020" classname="org.kkb.server.api.restassured.announcement.AnnouncementAddTest"/>
</testsuite> <!-- org.kkb.server.api.restassured.announcement.AnnouncementAddTest -->
